This file contains any messages produced by compilers while
running configure, to aid debugging if configure makes a mistake.

It was created by configure, which was
generated by GNU Autoconf 2.69.  Invocation command line was

  $ ./configure --enable-xdebug --with-php-config=/usr/local/php-cgi/7.4/bin/php-config --prefix=/home/w/wmdev/.local

## --------- ##
## Platform. ##
## --------- ##

hostname = violet.beget.ru
uname -m = x86_64
uname -r = 5.10.102-0-beget-acl-test
uname -s = Linux
uname -v = #1 SMP Mon Feb 28 18:37:57 UTC 2022

/usr/bin/uname -p = unknown
/bin/uname -X     = unknown

/bin/arch              = unknown
/usr/bin/arch -k       = unknown
/usr/convex/getsysinfo = unknown
/usr/bin/hostinfo      = unknown
/bin/machine           = unknown
/usr/bin/oslevel       = unknown
/bin/universe          = unknown

PATH: /home/w/wmdev/.local/bin
PATH: /usr/local/bin
PATH: /usr/bin
PATH: /bin
PATH: /usr/games


## ----------- ##
## Core tests. ##
## ----------- ##

configure:2356: checking for grep that handles long lines and -e
configure:2414: result: /bin/grep
configure:2419: checking for egrep
configure:2481: result: /bin/grep -E
configure:2486: checking for a sed that does not truncate output
configure:2550: result: /bin/sed
configure:2689: checking for pkg-config
configure:2707: found /usr/bin/pkg-config
configure:2719: result: /usr/bin/pkg-config
configure:2744: checking pkg-config is at least version 0.9.0
configure:2747: result: yes
configure:2809: checking for cc
configure:2825: found /usr/bin/cc
configure:2836: result: cc
configure:2867: checking for C compiler version
configure:2876: cc --version >&5
cc (Ubuntu 7.3.0-16ubuntu3) 7.3.0
Copyright (C) 2017 Free Software Foundation, Inc.
This is free software; see the source for copying conditions.  There is NO
warranty; not even for MERCHANTABILITY or FITNESS FOR A PARTICULAR PURPOSE.

configure:2887: $? = 0
configure:2876: cc -v >&5
Using built-in specs.
COLLECT_GCC=cc
COLLECT_LTO_WRAPPER=/usr/lib/gcc/x86_64-linux-gnu/7/lto-wrapper
OFFLOAD_TARGET_NAMES=nvptx-none
OFFLOAD_TARGET_DEFAULT=1
Target: x86_64-linux-gnu
Configured with: ../src/configure -v --with-pkgversion='Ubuntu 7.3.0-16ubuntu3' --with-bugurl=file:///usr/share/doc/gcc-7/README.Bugs --enable-languages=c,ada,c++,go,brig,d,fortran,objc,obj-c++ --prefix=/usr --with-gcc-major-version-only --with-as=/usr/bin/x86_64-linux-gnu-as --with-ld=/usr/bin/x86_64-linux-gnu-ld --program-suffix=-7 --program-prefix=x86_64-linux-gnu- --enable-shared --enable-linker-build-id --libexecdir=/usr/lib --without-included-gettext --enable-threads=posix --libdir=/usr/lib --enable-nls --with-sysroot=/ --enable-clocale=gnu --enable-libstdcxx-debug --enable-libstdcxx-time=yes --with-default-libstdcxx-abi=new --enable-gnu-unique-object --disable-vtable-verify --enable-libmpx --enable-plugin --enable-default-pie --with-system-zlib --with-target-system-zlib --enable-objc-gc=auto --enable-multiarch --disable-werror --with-arch-32=i686 --with-abi=m64 --with-multilib-list=m32,m64,mx32 --enable-multilib --with-tune=generic --enable-offload-targets=nvptx-none --without-cuda-driver --enable-checking=release --build=x86_64-linux-gnu --host=x86_64-linux-gnu --target=x86_64-linux-gnu
Thread model: posix
gcc version 7.3.0 (Ubuntu 7.3.0-16ubuntu3) 
configure:2887: $? = 0
configure:2876: cc -V >&5
cc: error: unrecognized command line option '-V'
cc: fatal error: no input files
compilation terminated.
configure:2887: $? = 1
configure:2876: cc -qversion >&5
cc: error: unrecognized command line option '-qversion'; did you mean '--version'?
cc: fatal error: no input files
compilation terminated.
configure:2887: $? = 1
configure:2907: checking whether the C compiler works
configure:2929: cc    conftest.c  >&5
configure:2933: $? = 0
configure:2981: result: yes
configure:2984: checking for C compiler default output file name
configure:2986: result: a.out
configure:2992: checking for suffix of executables
configure:2999: cc -o conftest    conftest.c  >&5
configure:3003: $? = 0
configure:3025: result: 
configure:3047: checking whether we are cross compiling
configure:3055: cc -o conftest    conftest.c  >&5
configure:3059: $? = 0
configure:3066: ./conftest
configure:3070: $? = 0
configure:3085: result: no
configure:3090: checking for suffix of object files
configure:3112: cc -c   conftest.c >&5
configure:3116: $? = 0
configure:3137: result: o
configure:3141: checking whether we are using the GNU C compiler
configure:3160: cc -c   conftest.c >&5
configure:3160: $? = 0
configure:3169: result: yes
configure:3178: checking whether cc accepts -g
configure:3198: cc -c -g  conftest.c >&5
configure:3198: $? = 0
configure:3239: result: yes
configure:3256: checking for cc option to accept ISO C89
configure:3319: cc  -c -g -O2  conftest.c >&5
configure:3319: $? = 0
configure:3332: result: none needed
configure:3358: checking how to run the C preprocessor
configure:3389: cc -E  conftest.c
configure:3389: $? = 0
configure:3403: cc -E  conftest.c
conftest.c:9:10: fatal error: ac_nonexistent.h: No such file or directory
 #include <ac_nonexistent.h>
          ^~~~~~~~~~~~~~~~~~
compilation terminated.
configure:3403: $? = 1
configure: failed program was:
| /* confdefs.h */
| #define PACKAGE_NAME ""
| #define PACKAGE_TARNAME ""
| #define PACKAGE_VERSION ""
| #define PACKAGE_STRING ""
| #define PACKAGE_BUGREPORT ""
| #define PACKAGE_URL ""
| /* end confdefs.h.  */
| #include <ac_nonexistent.h>
configure:3428: result: cc -E
configure:3448: cc -E  conftest.c
configure:3448: $? = 0
configure:3462: cc -E  conftest.c
conftest.c:9:10: fatal error: ac_nonexistent.h: No such file or directory
 #include <ac_nonexistent.h>
          ^~~~~~~~~~~~~~~~~~
compilation terminated.
configure:3462: $? = 1
configure: failed program was:
| /* confdefs.h */
| #define PACKAGE_NAME ""
| #define PACKAGE_TARNAME ""
| #define PACKAGE_VERSION ""
| #define PACKAGE_STRING ""
| #define PACKAGE_BUGREPORT ""
| #define PACKAGE_URL ""
| /* end confdefs.h.  */
| #include <ac_nonexistent.h>
configure:3493: checking for icc
configure:3502: result: no
configure:3516: checking for suncc
configure:3525: result: no
configure:3543: checking for system library directory
configure:3558: result: lib
configure:3565: checking if compiler supports -R
configure:3584: cc -o conftest -g -O2   conftest.c -R /usr/lib  >&5
cc: error: unrecognized command line option '-R'
configure:3584: $? = 1
configure: failed program was:
| /* confdefs.h */
| #define PACKAGE_NAME ""
| #define PACKAGE_TARNAME ""
| #define PACKAGE_VERSION ""
| #define PACKAGE_STRING ""
| #define PACKAGE_BUGREPORT ""
| #define PACKAGE_URL ""
| /* end confdefs.h.  */
| 
| int
| main ()
| {
| 
|   ;
|   return 0;
| }
configure:3594: result: no
configure:3599: checking if compiler supports -Wl,-rpath,
configure:3618: cc -o conftest -g -O2   conftest.c -Wl,-rpath,/usr/lib  >&5
configure:3618: $? = 0
configure:3628: result: yes
configure:3644: checking build system type
configure:3658: result: x86_64-pc-linux-gnu
configure:3678: checking host system type
configure:3691: result: x86_64-pc-linux-gnu
configure:3711: checking target system type
configure:3724: result: x86_64-pc-linux-gnu
configure:3827: checking for PHP prefix
configure:3829: result: /usr/local/php/cgi/7.4
configure:3831: checking for PHP includes
configure:3833: result: -I/usr/local/php/cgi/7.4/include/php -I/usr/local/php/cgi/7.4/include/php/main -I/usr/local/php/cgi/7.4/include/php/TSRM -I/usr/local/php/cgi/7.4/include/php/Zend -I/usr/local/php/cgi/7.4/include/php/ext -I/usr/local/php/cgi/7.4/include/php/ext/date/lib
configure:3835: checking for PHP extension directory
configure:3837: result: /usr/local/php/cgi/7.4/lib/php/20190902
configure:3839: checking for PHP installed headers prefix
configure:3841: result: /usr/local/php/cgi/7.4/include/php
configure:3844: checking if debug is enabled
configure:3870: result: no
configure:3873: checking if zts is enabled
configure:3899: result: no
configure:3967: checking for gawk
configure:3998: result: no
configure:3967: checking for nawk
configure:3984: found /usr/bin/nawk
configure:3995: result: nawk
configure:4018: checking if nawk is broken
configure:4025: result: no
configure:4039: checking whether to enable Xdebug support
configure:4078: result: yes, shared
configure:4087: checking whether to enable Xdebug developer build flags
configure:4101: result: no
configure:4110: checking whether to compress profiler files (requires zlib)
configure:4125: result: yes
configure:4155: checking Check for supported PHP versions
configure:4165: result: supported (7.4.25)
configure:4180: checking for clock_gettime
configure:4194: cc -o conftest -g -O2 -I/usr/local/php/cgi/7.4/include/php -I/usr/local/php/cgi/7.4/include/php/main -I/usr/local/php/cgi/7.4/include/php/TSRM -I/usr/local/php/cgi/7.4/include/php/Zend -I/usr/local/php/cgi/7.4/include/php/ext -I/usr/local/php/cgi/7.4/include/php/ext/date/lib   conftest.c  >&5
configure:4194: $? = 0
configure:4197: result: yes
configure:4250: checking for clock_gettime_nsec_np
configure:4250: cc -o conftest -g -O2 -I/usr/local/php/cgi/7.4/include/php -I/usr/local/php/cgi/7.4/include/php/main -I/usr/local/php/cgi/7.4/include/php/TSRM -I/usr/local/php/cgi/7.4/include/php/Zend -I/usr/local/php/cgi/7.4/include/php/ext -I/usr/local/php/cgi/7.4/include/php/ext/date/lib   conftest.c  >&5
/tmp/cc0b7Eex.o: In function `main':
/home/w/wmdev/fur.wm-dev.ru/public_html/cgi-bin/xdebug-3.1.3/conftest.c:45: undefined reference to `clock_gettime_nsec_np'
collect2: error: ld returned 1 exit status
configure:4250: $? = 1
configure: failed program was:
| /* confdefs.h */
| #define PACKAGE_NAME ""
| #define PACKAGE_TARNAME ""
| #define PACKAGE_VERSION ""
| #define PACKAGE_STRING ""
| #define PACKAGE_BUGREPORT ""
| #define PACKAGE_URL ""
| #define HAVE_XDEBUG 1
| #define HAVE_XDEBUG_CLOCK_GETTIME 1
| /* end confdefs.h.  */
| /* Define clock_gettime_nsec_np to an innocuous variant, in case <limits.h> declares clock_gettime_nsec_np.
|    For example, HP-UX 11i <limits.h> declares gettimeofday.  */
| #define clock_gettime_nsec_np innocuous_clock_gettime_nsec_np
| 
| /* System header to define __stub macros and hopefully few prototypes,
|     which can conflict with char clock_gettime_nsec_np (); below.
|     Prefer <limits.h> to <assert.h> if __STDC__ is defined, since
|     <limits.h> exists even on freestanding compilers.  */
| 
| #ifdef __STDC__
| # include <limits.h>
| #else
| # include <assert.h>
| #endif
| 
| #undef clock_gettime_nsec_np
| 
| /* Override any GCC internal prototype to avoid an error.
|    Use char because int might match the return type of a GCC
|    builtin and then its argument prototype would still apply.  */
| #ifdef __cplusplus
| extern "C"
| #endif
| char clock_gettime_nsec_np ();
| /* The GNU C library defines this for functions which it implements
|     to always fail with ENOSYS.  Some functions are actually named
|     something starting with __ and the normal name is an alias.  */
| #if defined __stub_clock_gettime_nsec_np || defined __stub___clock_gettime_nsec_np
| choke me
| #endif
| 
| int
| main ()
| {
| return clock_gettime_nsec_np ();
|   ;
|   return 0;
| }
configure:4250: result: no
configure:4264: checking for gettimeofday
configure:4264: cc -o conftest -g -O2 -I/usr/local/php/cgi/7.4/include/php -I/usr/local/php/cgi/7.4/include/php/main -I/usr/local/php/cgi/7.4/include/php/TSRM -I/usr/local/php/cgi/7.4/include/php/Zend -I/usr/local/php/cgi/7.4/include/php/ext -I/usr/local/php/cgi/7.4/include/php/ext/date/lib   conftest.c  >&5
configure:4264: $? = 0
configure:4264: result: yes
configure:4275: checking for ANSI C header files
configure:4295: cc -c -g -O2 -I/usr/local/php/cgi/7.4/include/php -I/usr/local/php/cgi/7.4/include/php/main -I/usr/local/php/cgi/7.4/include/php/TSRM -I/usr/local/php/cgi/7.4/include/php/Zend -I/usr/local/php/cgi/7.4/include/php/ext -I/usr/local/php/cgi/7.4/include/php/ext/date/lib  conftest.c >&5
configure:4295: $? = 0
configure:4368: cc -o conftest -g -O2 -I/usr/local/php/cgi/7.4/include/php -I/usr/local/php/cgi/7.4/include/php/main -I/usr/local/php/cgi/7.4/include/php/TSRM -I/usr/local/php/cgi/7.4/include/php/Zend -I/usr/local/php/cgi/7.4/include/php/ext -I/usr/local/php/cgi/7.4/include/php/ext/date/lib   conftest.c  >&5
configure:4368: $? = 0
configure:4368: ./conftest
configure:4368: $? = 0
configure:4379: result: yes
configure:4392: checking for sys/types.h
configure:4392: cc -c -g -O2 -I/usr/local/php/cgi/7.4/include/php -I/usr/local/php/cgi/7.4/include/php/main -I/usr/local/php/cgi/7.4/include/php/TSRM -I/usr/local/php/cgi/7.4/include/php/Zend -I/usr/local/php/cgi/7.4/include/php/ext -I/usr/local/php/cgi/7.4/include/php/ext/date/lib  conftest.c >&5
configure:4392: $? = 0
configure:4392: result: yes
configure:4392: checking for sys/stat.h
configure:4392: cc -c -g -O2 -I/usr/local/php/cgi/7.4/include/php -I/usr/local/php/cgi/7.4/include/php/main -I/usr/local/php/cgi/7.4/include/php/TSRM -I/usr/local/php/cgi/7.4/include/php/Zend -I/usr/local/php/cgi/7.4/include/php/ext -I/usr/local/php/cgi/7.4/include/php/ext/date/lib  conftest.c >&5
configure:4392: $? = 0
configure:4392: result: yes
configure:4392: checking for stdlib.h
configure:4392: cc -c -g -O2 -I/usr/local/php/cgi/7.4/include/php -I/usr/local/php/cgi/7.4/include/php/main -I/usr/local/php/cgi/7.4/include/php/TSRM -I/usr/local/php/cgi/7.4/include/php/Zend -I/usr/local/php/cgi/7.4/include/php/ext -I/usr/local/php/cgi/7.4/include/php/ext/date/lib  conftest.c >&5
configure:4392: $? = 0
configure:4392: result: yes
configure:4392: checking for string.h
configure:4392: cc -c -g -O2 -I/usr/local/php/cgi/7.4/include/php -I/usr/local/php/cgi/7.4/include/php/main -I/usr/local/php/cgi/7.4/include/php/TSRM -I/usr/local/php/cgi/7.4/include/php/Zend -I/usr/local/php/cgi/7.4/include/php/ext -I/usr/local/php/cgi/7.4/include/php/ext/date/lib  conftest.c >&5
configure:4392: $? = 0
configure:4392: result: yes
configure:4392: checking for memory.h
configure:4392: cc -c -g -O2 -I/usr/local/php/cgi/7.4/include/php -I/usr/local/php/cgi/7.4/include/php/main -I/usr/local/php/cgi/7.4/include/php/TSRM -I/usr/local/php/cgi/7.4/include/php/Zend -I/usr/local/php/cgi/7.4/include/php/ext -I/usr/local/php/cgi/7.4/include/php/ext/date/lib  conftest.c >&5
configure:4392: $? = 0
configure:4392: result: yes
configure:4392: checking for strings.h
configure:4392: cc -c -g -O2 -I/usr/local/php/cgi/7.4/include/php -I/usr/local/php/cgi/7.4/include/php/main -I/usr/local/php/cgi/7.4/include/php/TSRM -I/usr/local/php/cgi/7.4/include/php/Zend -I/usr/local/php/cgi/7.4/include/php/ext -I/usr/local/php/cgi/7.4/include/php/ext/date/lib  conftest.c >&5
configure:4392: $? = 0
configure:4392: result: yes
configure:4392: checking for inttypes.h
configure:4392: cc -c -g -O2 -I/usr/local/php/cgi/7.4/include/php -I/usr/local/php/cgi/7.4/include/php/main -I/usr/local/php/cgi/7.4/include/php/TSRM -I/usr/local/php/cgi/7.4/include/php/Zend -I/usr/local/php/cgi/7.4/include/php/ext -I/usr/local/php/cgi/7.4/include/php/ext/date/lib  conftest.c >&5
configure:4392: $? = 0
configure:4392: result: yes
configure:4392: checking for stdint.h
configure:4392: cc -c -g -O2 -I/usr/local/php/cgi/7.4/include/php -I/usr/local/php/cgi/7.4/include/php/main -I/usr/local/php/cgi/7.4/include/php/TSRM -I/usr/local/php/cgi/7.4/include/php/Zend -I/usr/local/php/cgi/7.4/include/php/ext -I/usr/local/php/cgi/7.4/include/php/ext/date/lib  conftest.c >&5
configure:4392: $? = 0
configure:4392: result: yes
configure:4392: checking for unistd.h
configure:4392: cc -c -g -O2 -I/usr/local/php/cgi/7.4/include/php -I/usr/local/php/cgi/7.4/include/php/main -I/usr/local/php/cgi/7.4/include/php/TSRM -I/usr/local/php/cgi/7.4/include/php/Zend -I/usr/local/php/cgi/7.4/include/php/ext -I/usr/local/php/cgi/7.4/include/php/ext/date/lib  conftest.c >&5
configure:4392: $? = 0
configure:4392: result: yes
configure:4407: checking netinet/in.h usability
configure:4407: cc -c -g -O2 -I/usr/local/php/cgi/7.4/include/php -I/usr/local/php/cgi/7.4/include/php/main -I/usr/local/php/cgi/7.4/include/php/TSRM -I/usr/local/php/cgi/7.4/include/php/Zend -I/usr/local/php/cgi/7.4/include/php/ext -I/usr/local/php/cgi/7.4/include/php/ext/date/lib  conftest.c >&5
configure:4407: $? = 0
configure:4407: result: yes
configure:4407: checking netinet/in.h presence
configure:4407: cc -E -I/usr/local/php/cgi/7.4/include/php -I/usr/local/php/cgi/7.4/include/php/main -I/usr/local/php/cgi/7.4/include/php/TSRM -I/usr/local/php/cgi/7.4/include/php/Zend -I/usr/local/php/cgi/7.4/include/php/ext -I/usr/local/php/cgi/7.4/include/php/ext/date/lib  conftest.c
configure:4407: $? = 0
configure:4407: result: yes
configure:4407: checking for netinet/in.h
configure:4407: result: yes
configure:4407: checking poll.h usability
configure:4407: cc -c -g -O2 -I/usr/local/php/cgi/7.4/include/php -I/usr/local/php/cgi/7.4/include/php/main -I/usr/local/php/cgi/7.4/include/php/TSRM -I/usr/local/php/cgi/7.4/include/php/Zend -I/usr/local/php/cgi/7.4/include/php/ext -I/usr/local/php/cgi/7.4/include/php/ext/date/lib  conftest.c >&5
configure:4407: $? = 0
configure:4407: result: yes
configure:4407: checking poll.h presence
configure:4407: cc -E -I/usr/local/php/cgi/7.4/include/php -I/usr/local/php/cgi/7.4/include/php/main -I/usr/local/php/cgi/7.4/include/php/TSRM -I/usr/local/php/cgi/7.4/include/php/Zend -I/usr/local/php/cgi/7.4/include/php/ext -I/usr/local/php/cgi/7.4/include/php/ext/date/lib  conftest.c
configure:4407: $? = 0
configure:4407: result: yes
configure:4407: checking for poll.h
configure:4407: result: yes
configure:4407: checking sys/poll.h usability
configure:4407: cc -c -g -O2 -I/usr/local/php/cgi/7.4/include/php -I/usr/local/php/cgi/7.4/include/php/main -I/usr/local/php/cgi/7.4/include/php/TSRM -I/usr/local/php/cgi/7.4/include/php/Zend -I/usr/local/php/cgi/7.4/include/php/ext -I/usr/local/php/cgi/7.4/include/php/ext/date/lib  conftest.c >&5
configure:4407: $? = 0
configure:4407: result: yes
configure:4407: checking sys/poll.h presence
configure:4407: cc -E -I/usr/local/php/cgi/7.4/include/php -I/usr/local/php/cgi/7.4/include/php/main -I/usr/local/php/cgi/7.4/include/php/TSRM -I/usr/local/php/cgi/7.4/include/php/Zend -I/usr/local/php/cgi/7.4/include/php/ext -I/usr/local/php/cgi/7.4/include/php/ext/date/lib  conftest.c
configure:4407: $? = 0
configure:4407: result: yes
configure:4407: checking for sys/poll.h
configure:4407: result: yes
configure:4523: checking for cos in -lm
configure:4548: cc -o conftest -g -O2 -I/usr/local/php/cgi/7.4/include/php -I/usr/local/php/cgi/7.4/include/php/main -I/usr/local/php/cgi/7.4/include/php/TSRM -I/usr/local/php/cgi/7.4/include/php/Zend -I/usr/local/php/cgi/7.4/include/php/ext -I/usr/local/php/cgi/7.4/include/php/ext/date/lib   conftest.c -lm   >&5
conftest.c:33:6: warning: conflicting types for built-in function 'cos' [-Wbuiltin-declaration-mismatch]
 char cos ();
      ^~~
configure:4548: $? = 0
configure:4557: result: yes
configure:4600: checking for zlib >= 1.2.9
configure:4607: $PKG_CONFIG --exists --print-errors "zlib >= 1.2.9"
configure:4610: $? = 0
configure:4624: $PKG_CONFIG --exists --print-errors "zlib >= 1.2.9"
configure:4627: $? = 0
configure:4665: result: yes
configure:6571: checking for a sed that does not truncate output
configure:6625: result: /bin/sed
configure:6639: checking for ld used by cc
configure:6706: result: /usr/bin/x86_64-linux-gnu-ld
configure:6713: checking if the linker (/usr/bin/x86_64-linux-gnu-ld) is GNU ld
configure:6728: result: yes
configure:6733: checking for /usr/bin/x86_64-linux-gnu-ld option to reload object files
configure:6740: result: -r
configure:6758: checking for BSD-compatible nm
configure:6807: result: /usr/bin/nm -B
configure:6811: checking whether ln -s works
configure:6815: result: yes
configure:6822: checking how to recognize dependent libraries
configure:7008: result: pass_all
configure:7093: cc -c -g -O2  conftest.c >&5
configure:7096: $? = 0
configure:7228: checking dlfcn.h usability
configure:7228: cc -c -g -O2  conftest.c >&5
configure:7228: $? = 0
configure:7228: result: yes
configure:7228: checking dlfcn.h presence
configure:7228: cc -E  conftest.c
configure:7228: $? = 0
configure:7228: result: yes
configure:7228: checking for dlfcn.h
configure:7228: result: yes
configure:7250: checking the maximum length of command line arguments
configure:7362: result: 1572864
configure:7374: checking command to parse /usr/bin/nm -B output from cc object
configure:7479: cc -c -g -O2  conftest.c >&5
configure:7482: $? = 0
configure:7486: /usr/bin/nm -B conftest.o \| sed -n -e 's/^.*[ 	]\([ABCDGIRSTW][ABCDGIRSTW]*\)[ 	][ 	]*\([_A-Za-z][_A-Za-z0-9]*\)$/\1 \2 \2/p' \> conftest.nm
configure:7489: $? = 0
configure:7541: cc -o conftest -g -O2   conftest.c conftstm.o >&5
configure:7544: $? = 0
configure:7582: result: ok
configure:7586: checking for objdir
configure:7601: result: .libs
configure:7693: checking for ar
configure:7709: found /usr/bin/ar
configure:7720: result: ar
configure:7785: checking for ranlib
configure:7801: found /usr/bin/ranlib
configure:7812: result: ranlib
configure:7877: checking for strip
configure:7893: found /usr/bin/strip
configure:7904: result: strip
configure:8473: checking if cc supports -fno-rtti -fno-exceptions
configure:8491: cc -c -g -O2  -fno-rtti -fno-exceptions conftest.c >&5
cc1: warning: command line option '-fno-rtti' is valid for C++/ObjC++ but not for C
configure:8495: $? = 0
configure:8508: result: no
configure:8523: checking for cc option to produce PIC
configure:8763: result: -fPIC
configure:8771: checking if cc PIC flag -fPIC works
configure:8789: cc -c -g -O2  -fPIC -DPIC conftest.c >&5
configure:8793: $? = 0
configure:8806: result: yes
configure:8834: checking if cc static flag -static works
configure:8862: result: yes
configure:8872: checking if cc supports -c -o file.o
configure:8893: cc -c -g -O2  -o out/conftest2.o conftest.c >&5
configure:8897: $? = 0
configure:8919: result: yes
configure:8945: checking whether the cc linker (/usr/bin/x86_64-linux-gnu-ld -m elf_x86_64) supports shared libraries
configure:9873: result: yes
configure:9894: checking whether -lc should be explicitly linked in
configure:9899: cc -c -g -O2  conftest.c >&5
configure:9902: $? = 0
configure:9917: cc -shared conftest.o  -v -Wl,-soname -Wl,conftest -o conftest 2\>\&1 \| grep  -lc  \>/dev/null 2\>\&1
configure:9920: $? = 0
configure:9932: result: no
configure:9940: checking dynamic linker characteristics
configure:10538: result: GNU/Linux ld.so
configure:10562: checking how to hardcode library paths into programs
configure:10587: result: immediate
configure:10601: checking whether stripping libraries is possible
configure:10606: result: yes
configure:11115: checking if libtool supports shared libraries
configure:11117: result: yes
configure:11120: checking whether to build shared libraries
configure:11141: result: yes
configure:11144: checking whether to build static libraries
configure:11148: result: no
configure:11243: result:
creating libtool
configure:14939: patching config.h.in
configure:14950: creating ./config.status

## ---------------------- ##
## Running config.status. ##
## ---------------------- ##

This file was extended by config.status, which was
generated by GNU Autoconf 2.69.  Invocation command line was

  CONFIG_FILES    = 
  CONFIG_HEADERS  = 
  CONFIG_LINKS    = 
  CONFIG_COMMANDS = 
  $ ./config.status 

on violet.beget.ru

config.status:684: creating config.h

## ---------------- ##
## Cache variables. ##
## ---------------- ##

ac_cv_build=x86_64-pc-linux-gnu
ac_cv_c_compiler_gnu=yes
ac_cv_env_CC_set=
ac_cv_env_CC_value=
ac_cv_env_CFLAGS_set=
ac_cv_env_CFLAGS_value=
ac_cv_env_CPPFLAGS_set=
ac_cv_env_CPPFLAGS_value=
ac_cv_env_CPP_set=
ac_cv_env_CPP_value=
ac_cv_env_LDFLAGS_set=
ac_cv_env_LDFLAGS_value=
ac_cv_env_LIBS_set=
ac_cv_env_LIBS_value=
ac_cv_env_PKG_CONFIG_LIBDIR_set=
ac_cv_env_PKG_CONFIG_LIBDIR_value=
ac_cv_env_PKG_CONFIG_PATH_set=
ac_cv_env_PKG_CONFIG_PATH_value=
ac_cv_env_PKG_CONFIG_set=
ac_cv_env_PKG_CONFIG_value=
ac_cv_env_ZLIB_CFLAGS_set=
ac_cv_env_ZLIB_CFLAGS_value=
ac_cv_env_ZLIB_LIBS_set=
ac_cv_env_ZLIB_LIBS_value=
ac_cv_env_build_alias_set=
ac_cv_env_build_alias_value=
ac_cv_env_host_alias_set=
ac_cv_env_host_alias_value=
ac_cv_env_target_alias_set=
ac_cv_env_target_alias_value=
ac_cv_func_clock_gettime_nsec_np=no
ac_cv_func_gettimeofday=yes
ac_cv_header_dlfcn_h=yes
ac_cv_header_inttypes_h=yes
ac_cv_header_memory_h=yes
ac_cv_header_netinet_in_h=yes
ac_cv_header_poll_h=yes
ac_cv_header_stdc=yes
ac_cv_header_stdint_h=yes
ac_cv_header_stdlib_h=yes
ac_cv_header_string_h=yes
ac_cv_header_strings_h=yes
ac_cv_header_sys_poll_h=yes
ac_cv_header_sys_stat_h=yes
ac_cv_header_sys_types_h=yes
ac_cv_header_unistd_h=yes
ac_cv_host=x86_64-pc-linux-gnu
ac_cv_lib_m_cos=yes
ac_cv_objext=o
ac_cv_path_EGREP='/bin/grep -E'
ac_cv_path_GREP=/bin/grep
ac_cv_path_SED=/bin/sed
ac_cv_path_ac_pt_PKG_CONFIG=/usr/bin/pkg-config
ac_cv_prog_AWK=nawk
ac_cv_prog_CPP='cc -E'
ac_cv_prog_ac_ct_AR=ar
ac_cv_prog_ac_ct_CC=cc
ac_cv_prog_ac_ct_RANLIB=ranlib
ac_cv_prog_ac_ct_STRIP=strip
ac_cv_prog_cc_c89=
ac_cv_prog_cc_g=yes
ac_cv_target=x86_64-pc-linux-gnu
lt_cv_deplibs_check_method=pass_all
lt_cv_file_magic_cmd='$MAGIC_CMD'
lt_cv_file_magic_test_file=
lt_cv_ld_reload_flag=-r
lt_cv_objdir=.libs
lt_cv_path_LD=/usr/bin/x86_64-linux-gnu-ld
lt_cv_path_NM='/usr/bin/nm -B'
lt_cv_path_SED=/bin/sed
lt_cv_prog_compiler_c_o=yes
lt_cv_prog_compiler_pic_works=yes
lt_cv_prog_compiler_rtti_exceptions=no
lt_cv_prog_compiler_static_works=yes
lt_cv_prog_gnu_ld=yes
lt_cv_sys_global_symbol_pipe='sed -n -e '\''s/^.*[ 	]\([ABCDGIRSTW][ABCDGIRSTW]*\)[ 	][ 	]*\([_A-Za-z][_A-Za-z0-9]*\)$/\1 \2 \2/p'\'''
lt_cv_sys_global_symbol_to_c_name_address='sed -n -e '\''s/^: \([^ ]*\) $/  {\"\1\", (lt_ptr) 0},/p'\'' -e '\''s/^[BCDEGRST] \([^ ]*\) \([^ ]*\)$/  {"\2", (lt_ptr) \&\2},/p'\'''
lt_cv_sys_global_symbol_to_cdecl='sed -n -e '\''s/^. .* \(.*\)$/extern int \1;/p'\'''
lt_cv_sys_lib_dlsearch_path_spec='/lib /usr/lib /usr/local/lib /usr/local/lib/x86_64-linux-gnu /lib/x86_64-linux-gnu /usr/lib/x86_64-linux-gnu '
lt_cv_sys_lib_search_path_spec='/usr/lib/gcc/x86_64-linux-gnu/7 /usr/lib/x86_64-linux-gnu /usr/lib /lib/x86_64-linux-gnu /lib'
lt_cv_sys_max_cmd_len=1572864
lt_lt_cv_prog_compiler_c_o='"yes"'
lt_lt_cv_sys_global_symbol_pipe='"sed -n -e '\''s/^.*[ 	]\\([ABCDGIRSTW][ABCDGIRSTW]*\\)[ 	][ 	]*\\([_A-Za-z][_A-Za-z0-9]*\\)\$/\\1 \\2 \\2/p'\''"'
lt_lt_cv_sys_global_symbol_to_c_name_address='"sed -n -e '\''s/^: \\([^ ]*\\) \$/  {\\\"\\1\\\", (lt_ptr) 0},/p'\'' -e '\''s/^[BCDEGRST] \\([^ ]*\\) \\([^ ]*\\)\$/  {\"\\2\", (lt_ptr) \\&\\2},/p'\''"'
lt_lt_cv_sys_global_symbol_to_cdecl='"sed -n -e '\''s/^. .* \\(.*\\)\$/extern int \\1;/p'\''"'
php_cv_cc_dashr=no
php_cv_cc_rpath=yes
pkg_cv_ZLIB_CFLAGS=
pkg_cv_ZLIB_LIBS=-lz

## ----------------- ##
## Output variables. ##
## ----------------- ##

AR='ar'
AWK='nawk'
CC='cc'
CFLAGS='-g -O2'
CONFIGURE_COMMAND=' '\''./configure'\''  '\''--enable-xdebug'\'' '\''--with-php-config=/usr/local/php-cgi/7.4/bin/php-config'\'' '\''--prefix=/home/w/wmdev/.local'\'''
CONFIGURE_OPTIONS=' '\''--enable-xdebug'\'' '\''--with-php-config=/usr/local/php-cgi/7.4/bin/php-config'\'' '\''--prefix=/home/w/wmdev/.local'\'''
CPP='cc -E'
CPPFLAGS=' -DHAVE_CONFIG_H'
DEFS='-DHAVE_CONFIG_H'
DSYMUTIL=''
ECHO='echo'
ECHO_C=''
ECHO_N='-n'
ECHO_T=''
EGREP='/bin/grep -E'
EXEEXT=''
GREP='/bin/grep'
LDFLAGS=''
LIBOBJS=''
LIBS=''
LIBTOOL='$(SHELL) $(top_builddir)/libtool'
LN_S='ln -s'
LTLIBOBJS=''
NMEDIT=''
OBJEXT='o'
PACKAGE_BUGREPORT=''
PACKAGE_NAME=''
PACKAGE_STRING=''
PACKAGE_TARNAME=''
PACKAGE_URL=''
PACKAGE_VERSION=''
PATH_SEPARATOR=':'
PKG_CONFIG='/usr/bin/pkg-config'
PKG_CONFIG_LIBDIR=''
PKG_CONFIG_PATH=''
RANLIB='ranlib'
SED='/bin/sed'
SHELL='/bin/bash'
SHLIB_DL_SUFFIX_NAME='so'
SHLIB_SUFFIX_NAME='so'
STRIP='strip'
ZLIB_CFLAGS=''
ZLIB_LIBS='-lz'
ac_ct_CC='cc'
bindir='${exec_prefix}/bin'
build='x86_64-pc-linux-gnu'
build_alias=''
build_cpu='x86_64'
build_os='linux-gnu'
build_vendor='pc'
datadir='${datarootdir}'
datarootdir='${prefix}/share'
docdir='${datarootdir}/doc/${PACKAGE}'
dvidir='${docdir}'
exec_prefix='$(prefix)'
host='x86_64-pc-linux-gnu'
host_alias='x86_64-pc-linux-gnu'
host_cpu='x86_64'
host_os='linux-gnu'
host_vendor='pc'
htmldir='${docdir}'
includedir='${prefix}/include'
infodir='${datarootdir}/info'
libdir='${exec_prefix}/lib'
libexecdir='${exec_prefix}/libexec'
localedir='${datarootdir}/locale'
localstatedir='${prefix}/var'
mandir='${datarootdir}/man'
oldincludedir='/usr/include'
pdfdir='${docdir}'
prefix='/usr/local/php/cgi/7.4'
program_transform_name='s,x,x,'
psdir='${docdir}'
runstatedir='${localstatedir}/run'
sbindir='${exec_prefix}/sbin'
sharedstatedir='${prefix}/com'
sysconfdir='${prefix}/etc'
target='x86_64-pc-linux-gnu'
target_alias=''
target_cpu='x86_64'
target_os='linux-gnu'
target_vendor='pc'

## ----------- ##
## confdefs.h. ##
## ----------- ##

/* confdefs.h */
#define PACKAGE_NAME ""
#define PACKAGE_TARNAME ""
#define PACKAGE_VERSION ""
#define PACKAGE_STRING ""
#define PACKAGE_BUGREPORT ""
#define PACKAGE_URL ""
#define HAVE_XDEBUG 1
#define HAVE_XDEBUG_CLOCK_GETTIME 1
#define HAVE_XDEBUG_CLOCK_GETTIME_NSEC_NP 0
#define HAVE_GETTIMEOFDAY 1
#define STDC_HEADERS 1
#define HAVE_SYS_TYPES_H 1
#define HAVE_SYS_STAT_H 1
#define HAVE_STDLIB_H 1
#define HAVE_STRING_H 1
#define HAVE_MEMORY_H 1
#define HAVE_STRINGS_H 1
#define HAVE_INTTYPES_H 1
#define HAVE_STDINT_H 1
#define HAVE_UNISTD_H 1
#define HAVE_NETINET_IN_H 1
#define HAVE_POLL_H 1
#define HAVE_SYS_POLL_H 1
#define HAVE_XDEBUG_ZLIB 1
#define COMPILE_DL_XDEBUG 1
#define HAVE_DLFCN_H 1

configure: exit 0
